[61680] 25 Jul 13:53:53.378 # Warning: no config file specified, using the default config. In order to specify a config file use redis-server /path/to/redis.conf
[61680] 25 Jul 13:53:53.379 * Increased maximum number of open files to 10032 (it was originally set to 256).
                _._                                                  
           _.-``__ ''-._                                             
      _.-``    `.  `_.  ''-._           Redis 2.8.12 (00000000/0) 64 bit
  .-`` .-```.  ```\/    _.,_ ''-._                                   
 (    '      ,       .-`  | `,    )     Running in stand alone mode
 |`-._`-...-` __...-.``-._|'` _.-'|     Port: 6379
 |    `-._   `._    /     _.-'    |     PID: 61680
  `-._    `-._  `-./  _.-'    _.-'                                   
 |`-._`-._    `-.__.-'    _.-'_.-'|                                  
 |    `-._`-._        _.-'_.-'    |           http://redis.io        
  `-._    `-._`-.__.-'_.-'    _.-'                                   
 |`-._`-._    `-.__.-'    _.-'_.-'|                                  
 |    `-._`-._        _.-'_.-'    |                                  
  `-._    `-._`-.__.-'_.-'    _.-'                                   
      `-._    `-.__.-'    _.-'                                       
          `-._        _.-'                                           
              `-.__.-'                                               

[61680] 25 Jul 13:53:53.384 # Server started, Redis version 2.8.12
[61680] 25 Jul 13:53:53.385 * The server is now ready to accept connections on port 6379
[61680] 25 Jul 15:02:14.001 * 1 changes in 3600 seconds. Saving...
[61680] 25 Jul 15:02:14.003 * Background saving started by pid 61848
[61848] 25 Jul 15:02:14.147 * DB saved on disk
[61680] 25 Jul 15:02:14.205 * Background saving terminated with success
